{"/home/eman/401course/401-whiteboard-backend/server.js": {"path":"/home/eman/401course/401-whiteboard-backend/server.js","statementMap":{"0":{"start":{"line":3,"column":16},"end":{"line":3,"column":34}},"1":{"start":{"line":4,"column":13},"end":{"line":4,"column":28}},"2":{"start":{"line":5,"column":12},"end":{"line":5,"column":21}},"3":{"start":{"line":7,"column":20},"end":{"line":7,"column":50}},"4":{"start":{"line":8,"column":24},"end":{"line":8,"column":55}},"5":{"start":{"line":9,"column":24},"end":{"line":9,"column":55}},"6":{"start":{"line":11,"column":0},"end":{"line":11,"column":16}},"7":{"start":{"line":12,"column":0},"end":{"line":12,"column":24}},"8":{"start":{"line":13,"column":0},"end":{"line":13,"column":21}},"9":{"start":{"line":15,"column":0},"end":{"line":21,"column":2}},"10":{"start":{"line":16,"column":4},"end":{"line":16,"column":23}},"11":{"start":{"line":17,"column":4},"end":{"line":20,"column":6}},"12":{"start":{"line":23,"column":0},"end":{"line":23,"column":25}},"13":{"start":{"line":24,"column":0},"end":{"line":24,"column":25}},"14":{"start":{"line":27,"column":4},"end":{"line":27,"column":74}},"15":{"start":{"line":27,"column":27},"end":{"line":27,"column":72}},"16":{"start":{"line":30,"column":0},"end":{"line":32,"column":2}}},"fnMap":{"0":{"name":"(anonymous_0)","decl":{"start":{"line":15,"column":13},"end":{"line":15,"column":14}},"loc":{"start":{"line":15,"column":27},"end":{"line":21,"column":1}},"line":15},"1":{"name":"start","decl":{"start":{"line":26,"column":9},"end":{"line":26,"column":14}},"loc":{"start":{"line":26,"column":21},"end":{"line":28,"column":1}},"line":26},"2":{"name":"(anonymous_2)","decl":{"start":{"line":27,"column":21},"end":{"line":27,"column":22}},"loc":{"start":{"line":27,"column":27},"end":{"line":27,"column":72}},"line":27}},"branchMap":{},"s":{"0":2,"1":2,"2":2,"3":2,"4":2,"5":2,"6":2,"7":2,"8":2,"9":2,"10":1,"11":1,"12":2,"13":2,"14":0,"15":0,"16":2},"f":{"0":1,"1":0,"2":0},"b":{},"_coverageSchema":"1a1c01bbd47fc00a2c39e90264f33305004495a9","hash":"15ed4830f712ce48a5fe2af6967fec1e82be3a51"}
,"/home/eman/401course/401-whiteboard-backend/error-handlers/404.js": {"path":"/home/eman/401course/401-whiteboard-backend/error-handlers/404.js","statementMap":{"0":{"start":{"line":3,"column":0},"end":{"line":8,"column":2}},"1":{"start":{"line":4,"column":4},"end":{"line":7,"column":8}}},"fnMap":{"0":{"name":"(anonymous_0)","decl":{"start":{"line":3,"column":17},"end":{"line":3,"column":18}},"loc":{"start":{"line":3,"column":44},"end":{"line":8,"column":1}},"line":3}},"branchMap":{},"s":{"0":2,"1":0},"f":{"0":0},"b":{},"_coverageSchema":"1a1c01bbd47fc00a2c39e90264f33305004495a9","hash":"e9648fad9fd0393bb294a9e37238c58a0f9e4760"}
,"/home/eman/401course/401-whiteboard-backend/error-handlers/500.js": {"path":"/home/eman/401course/401-whiteboard-backend/error-handlers/500.js","statementMap":{"0":{"start":{"line":3,"column":0},"end":{"line":8,"column":2}},"1":{"start":{"line":4,"column":4},"end":{"line":7,"column":8}}},"fnMap":{"0":{"name":"(anonymous_0)","decl":{"start":{"line":3,"column":17},"end":{"line":3,"column":18}},"loc":{"start":{"line":3,"column":44},"end":{"line":8,"column":1}},"line":3}},"branchMap":{},"s":{"0":2,"1":0},"f":{"0":0},"b":{},"_coverageSchema":"1a1c01bbd47fc00a2c39e90264f33305004495a9","hash":"4baa8634d2a39fb7ef109578945bb7c8be824be2"}
,"/home/eman/401course/401-whiteboard-backend/models/index.js": {"path":"/home/eman/401course/401-whiteboard-backend/models/index.js","statementMap":{"0":{"start":{"line":3,"column":33},"end":{"line":3,"column":53}},"1":{"start":{"line":4,"column":14},"end":{"line":4,"column":37}},"2":{"start":{"line":6,"column":21},"end":{"line":6,"column":93}},"3":{"start":{"line":8,"column":16},"end":{"line":8,"column":43}},"4":{"start":{"line":10,"column":0},"end":{"line":13,"column":1}}},"fnMap":{},"branchMap":{"0":{"loc":{"start":{"line":6,"column":21},"end":{"line":6,"column":93}},"type":"binary-expr","locations":[{"start":{"line":6,"column":21},"end":{"line":6,"column":45}},{"start":{"line":6,"column":49},"end":{"line":6,"column":93}}],"line":6}},"s":{"0":2,"1":2,"2":2,"3":2,"4":2},"f":{},"b":{"0":[2,2]},"_coverageSchema":"1a1c01bbd47fc00a2c39e90264f33305004495a9","hash":"0e4c1e24051633069219f877e3148e20ef4b1544"}
,"/home/eman/401course/401-whiteboard-backend/models/post.model.js": {"path":"/home/eman/401course/401-whiteboard-backend/models/post.model.js","statementMap":{"0":{"start":{"line":3,"column":14},"end":{"line":19,"column":2}},"1":{"start":{"line":3,"column":40},"end":{"line":19,"column":2}},"2":{"start":{"line":21,"column":0},"end":{"line":21,"column":23}}},"fnMap":{"0":{"name":"(anonymous_0)","decl":{"start":{"line":3,"column":14},"end":{"line":3,"column":15}},"loc":{"start":{"line":3,"column":40},"end":{"line":19,"column":2}},"line":3}},"branchMap":{},"s":{"0":2,"1":2,"2":2},"f":{"0":2},"b":{},"_coverageSchema":"1a1c01bbd47fc00a2c39e90264f33305004495a9","hash":"ecf5db247b0141c5ec7240dbde0d47f2e73a6448"}
,"/home/eman/401course/401-whiteboard-backend/routes/post.route.js": {"path":"/home/eman/401course/401-whiteboard-backend/routes/post.route.js","statementMap":{"0":{"start":{"line":3,"column":16},"end":{"line":3,"column":34}},"1":{"start":{"line":4,"column":15},"end":{"line":4,"column":31}},"2":{"start":{"line":6,"column":18},"end":{"line":6,"column":44}},"3":{"start":{"line":9,"column":0},"end":{"line":9,"column":30}},"4":{"start":{"line":10,"column":0},"end":{"line":10,"column":34}},"5":{"start":{"line":11,"column":0},"end":{"line":11,"column":37}},"6":{"start":{"line":12,"column":0},"end":{"line":12,"column":40}},"7":{"start":{"line":13,"column":0},"end":{"line":13,"column":37}},"8":{"start":{"line":16,"column":16},"end":{"line":16,"column":37}},"9":{"start":{"line":17,"column":4},"end":{"line":19,"column":7}},"10":{"start":{"line":23,"column":4},"end":{"line":23,"column":25}},"11":{"start":{"line":24,"column":21},"end":{"line":24,"column":29}},"12":{"start":{"line":25,"column":18},"end":{"line":25,"column":46}},"13":{"start":{"line":26,"column":4},"end":{"line":26,"column":32}},"14":{"start":{"line":30,"column":15},"end":{"line":30,"column":28}},"15":{"start":{"line":31,"column":18},"end":{"line":33,"column":6}},"16":{"start":{"line":34,"column":4},"end":{"line":34,"column":31}},"17":{"start":{"line":38,"column":15},"end":{"line":38,"column":28}},"18":{"start":{"line":39,"column":23},"end":{"line":41,"column":6}},"19":{"start":{"line":42,"column":4},"end":{"line":42,"column":43}},"20":{"start":{"line":47,"column":15},"end":{"line":47,"column":28}},"21":{"start":{"line":48,"column":16},"end":{"line":48,"column":24}},"22":{"start":{"line":50,"column":25},"end":{"line":50,"column":45}},"23":{"start":{"line":52,"column":4},"end":{"line":52,"column":39}},"24":{"start":{"line":55,"column":0},"end":{"line":55,"column":24}}},"fnMap":{"0":{"name":"getposts","decl":{"start":{"line":15,"column":15},"end":{"line":15,"column":23}},"loc":{"start":{"line":15,"column":34},"end":{"line":20,"column":1}},"line":15},"1":{"name":"createposts","decl":{"start":{"line":22,"column":15},"end":{"line":22,"column":26}},"loc":{"start":{"line":22,"column":37},"end":{"line":27,"column":1}},"line":22},"2":{"name":"getOneposts","decl":{"start":{"line":29,"column":15},"end":{"line":29,"column":26}},"loc":{"start":{"line":29,"column":37},"end":{"line":35,"column":1}},"line":29},"3":{"name":"deleteposts","decl":{"start":{"line":37,"column":15},"end":{"line":37,"column":26}},"loc":{"start":{"line":37,"column":37},"end":{"line":43,"column":1}},"line":37},"4":{"name":"updateposts","decl":{"start":{"line":46,"column":15},"end":{"line":46,"column":26}},"loc":{"start":{"line":46,"column":37},"end":{"line":53,"column":1}},"line":46}},"branchMap":{},"s":{"0":2,"1":2,"2":2,"3":2,"4":2,"5":2,"6":2,"7":2,"8":1,"9":1,"10":1,"11":1,"12":1,"13":1,"14":1,"15":1,"16":1,"17":1,"18":1,"19":1,"20":0,"21":0,"22":0,"23":0,"24":2},"f":{"0":1,"1":1,"2":1,"3":1,"4":0},"b":{},"_coverageSchema":"1a1c01bbd47fc00a2c39e90264f33305004495a9","hash":"a99e6f75068352a82b06ac911bca20ad29ac8c46"}
}
