TN:
SF:server.js
FN:15,(anonymous_0)
FN:26,start
FN:27,(anonymous_2)
FNF:3
FNH:1
FNDA:1,(anonymous_0)
FNDA:0,start
FNDA:0,(anonymous_2)
DA:3,2
DA:4,2
DA:5,2
DA:7,2
DA:8,2
DA:9,2
DA:11,2
DA:12,2
DA:13,2
DA:15,2
DA:16,1
DA:17,1
DA:23,2
DA:24,2
DA:27,0
DA:30,2
LF:16
LH:15
BRF:0
BRH:0
end_of_record
TN:
SF:error-handlers/404.js
FN:3,(anonymous_0)
FNF:1
FNH:0
FNDA:0,(anonymous_0)
DA:3,2
DA:4,0
LF:2
LH:1
BRF:0
BRH:0
end_of_record
TN:
SF:error-handlers/500.js
FN:3,(anonymous_0)
FNF:1
FNH:0
FNDA:0,(anonymous_0)
DA:3,2
DA:4,0
LF:2
LH:1
BRF:0
BRH:0
end_of_record
TN:
SF:models/index.js
FNF:0
FNH:0
DA:3,2
DA:4,2
DA:6,2
DA:8,2
DA:10,2
LF:5
LH:5
BRDA:6,0,0,2
BRDA:6,0,1,2
BRF:2
BRH:2
end_of_record
TN:
SF:models/post.model.js
FN:3,(anonymous_0)
FNF:1
FNH:1
FNDA:2,(anonymous_0)
DA:3,2
DA:21,2
LF:2
LH:2
BRF:0
BRH:0
end_of_record
TN:
SF:routes/post.route.js
FN:15,getposts
FN:22,createposts
FN:29,getOneposts
FN:37,deleteposts
FN:46,updateposts
FNF:5
FNH:4
FNDA:1,getposts
FNDA:1,createposts
FNDA:1,getOneposts
FNDA:1,deleteposts
FNDA:0,updateposts
DA:3,2
DA:4,2
DA:6,2
DA:9,2
DA:10,2
DA:11,2
DA:12,2
DA:13,2
DA:16,1
DA:17,1
DA:23,1
DA:24,1
DA:25,1
DA:26,1
DA:30,1
DA:31,1
DA:34,1
DA:38,1
DA:39,1
DA:42,1
DA:47,0
DA:48,0
DA:50,0
DA:52,0
DA:55,2
LF:25
LH:21
BRF:0
BRH:0
end_of_record
